SF:G:\Work\Ingenium\Grocery\CashRegister\Services\BillCalculator.cs
FN:23,System.Decimal Services.BillCalculator::GetPrice(CashRegister.Model.Bill.Bill,System.Collections.Generic.IEnumerable`1<CashRegister.Discounts.Coupon>)
FNDA:5,System.Decimal Services.BillCalculator::GetPrice(CashRegister.Model.Bill.Bill,System.Collections.Generic.IEnumerable`1<CashRegister.Discounts.Coupon>)
DA:24,5
DA:25,5
DA:27,5
DA:28,3
DA:29,3
DA:30,3
DA:32,5
DA:33,5
BRDA:27,10,0,3
BRDA:27,10,1,2
BRDA:27,26,0,3
BRDA:27,26,1,5
FN:40,System.Decimal Services.BillCalculator::GetDiscountedPrice(CashRegister.Model.Bill.Bill)
FNDA:5,System.Decimal Services.BillCalculator::GetDiscountedPrice(CashRegister.Model.Bill.Bill)
DA:41,5
DA:42,5
DA:43,5
DA:45,5
DA:46,5
FN:52,System.Decimal Services.BillCalculator::GetRawPrice(CashRegister.Model.Bill.Bill)
FNDA:5,System.Decimal Services.BillCalculator::GetRawPrice(CashRegister.Model.Bill.Bill)
DA:53,5
DA:54,11
DA:56,5
DA:57,5
FN:59,System.Decimal Services.BillCalculator::GetBulkDiscount(CashRegister.Model.Bill.Bill)
FNDA:5,System.Decimal Services.BillCalculator::GetBulkDiscount(CashRegister.Model.Bill.Bill)
DA:60,5
DA:61,5
DA:62,11
DA:63,11
DA:64,11
DA:65,11
DA:66,11
DA:67,11
DA:68,11
DA:69,5
DA:70,7
DA:71,7
DA:72,7
DA:73,5
DA:74,7
DA:75,7
DA:77,5
DA:78,5
BRDA:61,30,0,1
BRDA:61,30,1,5
BRDA:61,66,0,1
BRDA:61,66,1,5
FN:80,System.Decimal Services.BillCalculator::ApplyCouponDiscount(System.Collections.Generic.IEnumerable`1<CashRegister.Discounts.Coupon>,System.Decimal)
FNDA:3,System.Decimal Services.BillCalculator::ApplyCouponDiscount(System.Collections.Generic.IEnumerable`1<CashRegister.Discounts.Coupon>,System.Decimal)
DA:81,3
DA:83,3
DA:85,3
DA:86,3
DA:87,3
DA:88,3
BRDA:85,9,0,3
BRDA:85,9,1,2
BRDA:85,23,0,2
BRDA:85,23,1,1
FN:13,System.Void Services.BillCalculator::.ctor(CashRegister.Services.ICatalogService)
FNDA:5,System.Void Services.BillCalculator::.ctor(CashRegister.Services.ICatalogService)
DA:14,5
DA:15,5
DA:16,5
DA:17,5
LF:45
LH:45
BRF:14
BRH:14
FNF:6
FNH:6
end_of_record
SF:G:\Work\Ingenium\Grocery\CashRegister\Services\CatalogService.cs
FN:21,System.Void CashRegister.Services.CatalogService::RegisterItemPrice(CashRegister.Model.Catalog.Item,System.Decimal)
FNDA:5,System.Void CashRegister.Services.CatalogService::RegisterItemPrice(CashRegister.Model.Catalog.Item,System.Decimal)
DA:22,5
DA:23,5
DA:24,1
DA:26,4
DA:27,4
BRDA:23,7,0,1
BRDA:23,7,1,4
FN:34,System.Decimal CashRegister.Services.CatalogService::GetItemPrice(System.String)
FNDA:6,System.Decimal CashRegister.Services.CatalogService::GetItemPrice(System.String)
DA:35,6
DA:36,6
DA:37,5
DA:39,1
DA:40,5
BRDA:36,15,0,5
BRDA:36,15,1,1
FN:46,System.Void CashRegister.Services.CatalogService::RegisterBulkDiscount(CashRegister.Discounts.BulkDiscount)
FNDA:3,System.Void CashRegister.Services.CatalogService::RegisterBulkDiscount(CashRegister.Discounts.BulkDiscount)
DA:47,3
DA:48,3
DA:49,3
FN:55,CashRegister.Discounts.BulkDiscount CashRegister.Services.CatalogService::GetBulkDiscount(System.String)
FNDA:4,CashRegister.Discounts.BulkDiscount CashRegister.Services.CatalogService::GetBulkDiscount(System.String)
DA:56,4
DA:57,4
DA:58,2
DA:60,2
DA:61,4
BRDA:57,15,0,2
BRDA:57,15,1,2
FN:12,System.Void CashRegister.Services.CatalogService::.ctor()
FNDA:6,System.Void CashRegister.Services.CatalogService::.ctor()
DA:13,6
DA:14,6
LF:20
LH:20
BRF:6
BRH:6
FNF:5
FNH:5
end_of_record
SF:G:\Work\Ingenium\Grocery\CashRegister\Model\Discounts\Bulk.cs
FN:12,System.String CashRegister.Discounts.BulkDiscount::get_ItemName()
FNDA:4,System.String CashRegister.Discounts.BulkDiscount::get_ItemName()
DA:13,4
FN:17,System.Int32 CashRegister.Discounts.BulkDiscount::get_BulkItemsCount()
FNDA:5,System.Int32 CashRegister.Discounts.BulkDiscount::get_BulkItemsCount()
DA:18,5
FN:22,System.Int32 CashRegister.Discounts.BulkDiscount::get_BonusItemsCount()
FNDA:3,System.Int32 CashRegister.Discounts.BulkDiscount::get_BonusItemsCount()
DA:23,3
FN:24,System.Void CashRegister.Discounts.BulkDiscount::.ctor(System.String,System.Int32,System.Int32)
FNDA:4,System.Void CashRegister.Discounts.BulkDiscount::.ctor(System.String,System.Int32,System.Int32)
DA:25,4
DA:26,4
DA:27,4
DA:28,4
DA:29,4
DA:30,4
LF:9
LH:9
BRF:0
BRH:0
FNF:4
FNH:4
end_of_record
SF:G:\Work\Ingenium\Grocery\CashRegister\Model\Discounts\Coupon.cs
FN:10,System.Decimal CashRegister.Discounts.Coupon::get_Threshold()
FNDA:3,System.Decimal CashRegister.Discounts.Coupon::get_Threshold()
DA:11,3
FN:15,System.Decimal CashRegister.Discounts.Coupon::get_MoneyOff()
FNDA:1,System.Decimal CashRegister.Discounts.Coupon::get_MoneyOff()
DA:16,1
FN:17,System.Void CashRegister.Discounts.Coupon::.ctor(System.Decimal,System.Decimal)
FNDA:3,System.Void CashRegister.Discounts.Coupon::.ctor(System.Decimal,System.Decimal)
DA:18,3
DA:19,3
DA:22,3
DA:23,3
DA:24,3
LF:7
LH:7
BRF:0
BRH:0
FNF:3
FNH:3
end_of_record
SF:G:\Work\Ingenium\Grocery\CashRegister\Model\Catalog\Item.cs
FN:10,System.String CashRegister.Model.Catalog.Item::get_Name()
FNDA:24,System.String CashRegister.Model.Catalog.Item::get_Name()
DA:11,24
FN:12,System.Void CashRegister.Model.Catalog.Item::.ctor(System.String)
FNDA:13,System.Void CashRegister.Model.Catalog.Item::.ctor(System.String)
DA:13,13
DA:14,13
DA:15,13
DA:16,13
LF:5
LH:5
BRF:0
BRH:0
FNF:2
FNH:2
end_of_record
SF:G:\Work\Ingenium\Grocery\CashRegister\Model\Catalog\PricePerItem.cs
FN:10,CashRegister.Model.Catalog.Item CashRegister.Model.Catalog.PricePerItem::get_Item()
FNDA:4,CashRegister.Model.Catalog.Item CashRegister.Model.Catalog.PricePerItem::get_Item()
DA:11,4
FN:15,System.Decimal CashRegister.Model.Catalog.PricePerItem::get_Price()
FNDA:9,System.Decimal CashRegister.Model.Catalog.PricePerItem::get_Price()
DA:16,9
LF:2
LH:2
BRF:0
BRH:0
FNF:2
FNH:2
end_of_record
SF:G:\Work\Ingenium\Grocery\CashRegister\Model\Bill\Bill.cs
FN:16,System.Collections.Generic.IList`1<CashRegister.Model.Bill.LineItem> CashRegister.Model.Bill.Bill::get_LineItems()
FNDA:13,System.Collections.Generic.IList`1<CashRegister.Model.Bill.LineItem> CashRegister.Model.Bill.Bill::get_LineItems()
DA:17,13
FN:18,System.Void CashRegister.Model.Bill.Bill::.ctor(System.Collections.Generic.IList`1<CashRegister.Model.Bill.LineItem>)
FNDA:8,System.Void CashRegister.Model.Bill.Bill::.ctor(System.Collections.Generic.IList`1<CashRegister.Model.Bill.LineItem>)
DA:19,8
DA:20,8
DA:21,8
DA:22,2
DA:23,2
DA:26,6
DA:27,6
BRDA:21,9,0,7
BRDA:21,9,1,1
BRDA:21,25,0,2
BRDA:21,25,1,6
LF:8
LH:8
BRF:4
BRH:4
FNF:2
FNH:2
end_of_record
SF:G:\Work\Ingenium\Grocery\CashRegister\Model\Bill\LineItem.cs
FN:13,CashRegister.Model.Catalog.Item CashRegister.Model.Bill.LineItem::get_Item()
FNDA:28,CashRegister.Model.Catalog.Item CashRegister.Model.Bill.LineItem::get_Item()
DA:14,28
FN:18,System.Decimal CashRegister.Model.Bill.LineItem::get_Quantity()
FNDA:23,System.Decimal CashRegister.Model.Bill.LineItem::get_Quantity()
DA:19,23
FN:20,System.Void CashRegister.Model.Bill.LineItem::.ctor(CashRegister.Model.Catalog.Item,System.Decimal)
FNDA:10,System.Void CashRegister.Model.Bill.LineItem::.ctor(CashRegister.Model.Catalog.Item,System.Decimal)
DA:21,10
DA:22,10
DA:23,10
DA:24,1
DA:26,9
DA:27,9
DA:28,8
BRDA:23,21,0,1
BRDA:23,21,1,9
BRDA:27,50,0,1
BRDA:27,50,1,8
LF:9
LH:9
BRF:4
BRH:4
FNF:3
FNH:3
end_of_record