<?xml version="1.0" encoding="utf-8"?>
<CoverageSession>
  <Summary numSequencePoints="105" visitedSequencePoints="105" numBranchPoints="105" visitedBranchPoints="105" sequenceCoverage="1" branchCoverage="1" maxCyclomaticComplexity="47" minCyclomaticComplexity="47" visitedClasses="8" numClasses="9" visitedMethods="27" numMethods="27" />
  <Modules>
    <Module hash="161569D8-8FFD-4253-AE4D-20A1E993816A">
      <ModulePath>CashRegister.dll</ModulePath>
      <ModuleTime>2019-02-28T02:14:01</ModuleTime>
      <ModuleName>CashRegister</ModuleName>
      <Files>
        <File uid="1" fullPath="G:\Work\Ingenium\Grocery\CashRegister\Services\BillCalculator.cs" />
        <File uid="2" fullPath="G:\Work\Ingenium\Grocery\CashRegister\Services\CatalogService.cs" />
        <File uid="3" fullPath="G:\Work\Ingenium\Grocery\CashRegister\Model\Discounts\Bulk.cs" />
        <File uid="4" fullPath="G:\Work\Ingenium\Grocery\CashRegister\Model\Discounts\Coupon.cs" />
        <File uid="5" fullPath="G:\Work\Ingenium\Grocery\CashRegister\Model\Catalog\Item.cs" />
        <File uid="6" fullPath="G:\Work\Ingenium\Grocery\CashRegister\Model\Catalog\PricePerItem.cs" />
        <File uid="7" fullPath="G:\Work\Ingenium\Grocery\CashRegister\Model\Bill\Bill.cs" />
        <File uid="8" fullPath="G:\Work\Ingenium\Grocery\CashRegister\Model\Bill\LineItem.cs" />
      </Files>
      <Classes>
        <Class>
          <Summary numSequencePoints="45" visitedSequencePoints="45" numBranchPoints="12" visitedBranchPoints="12" sequenceCoverage="1" branchCoverage="1" maxCyclomaticComplexity="4" minCyclomaticComplexity="1" visitedClasses="1" numClasses="1" visitedMethods="6" numMethods="6" />
          <FullName>Services.BillCalculator</FullName>
          <Methods>
            <Method cyclomaticComplexity="4" nPathComplexity="0" sequenceCoverage="1" branchCoverage="1" isConstructor="False" isGetter="False" isSetter="False" isStatic="True">
              <Summary numSequencePoints="8" visitedSequencePoints="8" numBranchPoints="4" visitedBranchPoints="4" sequenceCoverage="1" branchCoverage="1" maxCyclomaticComplexity="4" minCyclomaticComplexity="4" visitedClasses="0" numClasses="0" visitedMethods="1" numMethods="1" />
              <MetadataToken />
              <Name>System.Decimal Services.BillCalculator::GetPrice(CashRegister.Model.Bill.Bill,System.Collections.Generic.IEnumerable`1&lt;CashRegister.Discounts.Coupon&gt;)</Name>
              <FileRef uid="1" />
              <SequencePoints>
                <SequencePoint vc="5" upsid="24" ordinal="0" sl="24" sc="1" el="24" ec="2" bec="0" bev="0" fileid="1" />
                <SequencePoint vc="5" upsid="25" ordinal="1" sl="25" sc="1" el="25" ec="2" bec="0" bev="0" fileid="1" />
                <SequencePoint vc="5" upsid="27" ordinal="2" sl="27" sc="1" el="27" ec="2" bec="0" bev="0" fileid="1" />
                <SequencePoint vc="3" upsid="28" ordinal="3" sl="28" sc="1" el="28" ec="2" bec="0" bev="0" fileid="1" />
                <SequencePoint vc="3" upsid="29" ordinal="4" sl="29" sc="1" el="29" ec="2" bec="0" bev="0" fileid="1" />
                <SequencePoint vc="3" upsid="30" ordinal="5" sl="30" sc="1" el="30" ec="2" bec="0" bev="0" fileid="1" />
                <SequencePoint vc="5" upsid="32" ordinal="6" sl="32" sc="1" el="32" ec="2" bec="0" bev="0" fileid="1" />
                <SequencePoint vc="5" upsid="33" ordinal="7" sl="33" sc="1" el="33" ec="2" bec="0" bev="0" fileid="1" />
              </SequencePoints>
              <BranchPoints>
                <BranchPoint vc="3" upsid="27" ordinal="0" path="0" offset="10" offsetend="12" sl="27" fileid="1" />
                <BranchPoint vc="2" upsid="27" ordinal="1" path="1" offset="10" offsetend="23" sl="27" fileid="1" />
                <BranchPoint vc="3" upsid="27" ordinal="2" path="0" offset="26" offsetend="28" sl="27" fileid="1" />
                <BranchPoint vc="5" upsid="27" ordinal="3" path="1" offset="26" offsetend="39" sl="27" fileid="1" />
              </BranchPoints>
              <MethodPoint vc="8" upsid="0" p8:type="SequencePoint" ordinal="0" offset="0" sc="0" sl="24" ec="1" el="33" bec="0" bev="0" fileid="1" xmlns:p8="xsi" />
            </Method>
            <Method cyclomaticComplexity="1" nPathComplexity="0" sequenceCoverage="1" branchCoverage="1" isConstructor="False" isGetter="False" isSetter="False" isStatic="True">
              <Summary numSequencePoints="5" visitedSequencePoints="5" numBranchPoints="0" visitedBranchPoints="0" sequenceCoverage="1" branchCoverage="1" maxCyclomaticComplexity="1" minCyclomaticComplexity="1" visitedClasses="0" numClasses="0" visitedMethods="1" numMethods="1" />
              <MetadataToken />
              <Name>System.Decimal Services.BillCalculator::GetDiscountedPrice(CashRegister.Model.Bill.Bill)</Name>
              <FileRef uid="1" />
              <SequencePoints>
                <SequencePoint vc="5" upsid="41" ordinal="0" sl="41" sc="1" el="41" ec="2" bec="0" bev="0" fileid="1" />
                <SequencePoint vc="5" upsid="42" ordinal="1" sl="42" sc="1" el="42" ec="2" bec="0" bev="0" fileid="1" />
                <SequencePoint vc="5" upsid="43" ordinal="2" sl="43" sc="1" el="43" ec="2" bec="0" bev="0" fileid="1" />
                <SequencePoint vc="5" upsid="45" ordinal="3" sl="45" sc="1" el="45" ec="2" bec="0" bev="0" fileid="1" />
                <SequencePoint vc="5" upsid="46" ordinal="4" sl="46" sc="1" el="46" ec="2" bec="0" bev="0" fileid="1" />
              </SequencePoints>
              <BranchPoints />
              <MethodPoint vc="5" upsid="0" p8:type="SequencePoint" ordinal="1" offset="1" sc="0" sl="41" ec="1" el="46" bec="0" bev="0" fileid="1" xmlns:p8="xsi" />
            </Method>
            <Method cyclomaticComplexity="1" nPathComplexity="0" sequenceCoverage="1" branchCoverage="1" isConstructor="False" isGetter="False" isSetter="False" isStatic="True">
              <Summary numSequencePoints="4" visitedSequencePoints="4" numBranchPoints="0" visitedBranchPoints="0" sequenceCoverage="1" branchCoverage="1" maxCyclomaticComplexity="1" minCyclomaticComplexity="1" visitedClasses="0" numClasses="0" visitedMethods="1" numMethods="1" />
              <MetadataToken />
              <Name>System.Decimal Services.BillCalculator::GetRawPrice(CashRegister.Model.Bill.Bill)</Name>
              <FileRef uid="1" />
              <SequencePoints>
                <SequencePoint vc="5" upsid="53" ordinal="0" sl="53" sc="1" el="53" ec="2" bec="0" bev="0" fileid="1" />
                <SequencePoint vc="11" upsid="54" ordinal="1" sl="54" sc="1" el="54" ec="2" bec="0" bev="0" fileid="1" />
                <SequencePoint vc="5" upsid="56" ordinal="2" sl="56" sc="1" el="56" ec="2" bec="0" bev="0" fileid="1" />
                <SequencePoint vc="5" upsid="57" ordinal="3" sl="57" sc="1" el="57" ec="2" bec="0" bev="0" fileid="1" />
              </SequencePoints>
              <BranchPoints />
              <MethodPoint vc="4" upsid="0" p8:type="SequencePoint" ordinal="2" offset="2" sc="0" sl="53" ec="1" el="57" bec="0" bev="0" fileid="1" xmlns:p8="xsi" />
            </Method>
            <Method cyclomaticComplexity="4" nPathComplexity="0" sequenceCoverage="1" branchCoverage="1" isConstructor="False" isGetter="False" isSetter="False" isStatic="True">
              <Summary numSequencePoints="18" visitedSequencePoints="18" numBranchPoints="4" visitedBranchPoints="4" sequenceCoverage="1" branchCoverage="1" maxCyclomaticComplexity="4" minCyclomaticComplexity="4" visitedClasses="0" numClasses="0" visitedMethods="1" numMethods="1" />
              <MetadataToken />
              <Name>System.Decimal Services.BillCalculator::GetBulkDiscount(CashRegister.Model.Bill.Bill)</Name>
              <FileRef uid="1" />
              <SequencePoints>
                <SequencePoint vc="5" upsid="60" ordinal="0" sl="60" sc="1" el="60" ec="2" bec="0" bev="0" fileid="1" />
                <SequencePoint vc="5" upsid="61" ordinal="1" sl="61" sc="1" el="61" ec="2" bec="0" bev="0" fileid="1" />
                <SequencePoint vc="11" upsid="62" ordinal="2" sl="62" sc="1" el="62" ec="2" bec="0" bev="0" fileid="1" />
                <SequencePoint vc="11" upsid="63" ordinal="3" sl="63" sc="1" el="63" ec="2" bec="0" bev="0" fileid="1" />
                <SequencePoint vc="11" upsid="64" ordinal="4" sl="64" sc="1" el="64" ec="2" bec="0" bev="0" fileid="1" />
                <SequencePoint vc="11" upsid="65" ordinal="5" sl="65" sc="1" el="65" ec="2" bec="0" bev="0" fileid="1" />
                <SequencePoint vc="11" upsid="66" ordinal="6" sl="66" sc="1" el="66" ec="2" bec="0" bev="0" fileid="1" />
                <SequencePoint vc="11" upsid="67" ordinal="7" sl="67" sc="1" el="67" ec="2" bec="0" bev="0" fileid="1" />
                <SequencePoint vc="11" upsid="68" ordinal="8" sl="68" sc="1" el="68" ec="2" bec="0" bev="0" fileid="1" />
                <SequencePoint vc="5" upsid="69" ordinal="9" sl="69" sc="1" el="69" ec="2" bec="0" bev="0" fileid="1" />
                <SequencePoint vc="7" upsid="70" ordinal="10" sl="70" sc="1" el="70" ec="2" bec="0" bev="0" fileid="1" />
                <SequencePoint vc="7" upsid="71" ordinal="11" sl="71" sc="1" el="71" ec="2" bec="0" bev="0" fileid="1" />
                <SequencePoint vc="7" upsid="72" ordinal="12" sl="72" sc="1" el="72" ec="2" bec="0" bev="0" fileid="1" />
                <SequencePoint vc="5" upsid="73" ordinal="13" sl="73" sc="1" el="73" ec="2" bec="0" bev="0" fileid="1" />
                <SequencePoint vc="7" upsid="74" ordinal="14" sl="74" sc="1" el="74" ec="2" bec="0" bev="0" fileid="1" />
                <SequencePoint vc="7" upsid="75" ordinal="15" sl="75" sc="1" el="75" ec="2" bec="0" bev="0" fileid="1" />
                <SequencePoint vc="5" upsid="77" ordinal="16" sl="77" sc="1" el="77" ec="2" bec="0" bev="0" fileid="1" />
                <SequencePoint vc="5" upsid="78" ordinal="17" sl="78" sc="1" el="78" ec="2" bec="0" bev="0" fileid="1" />
              </SequencePoints>
              <BranchPoints>
                <BranchPoint vc="1" upsid="61" ordinal="0" path="0" offset="30" offsetend="32" sl="61" fileid="1" />
                <BranchPoint vc="5" upsid="61" ordinal="1" path="1" offset="30" offsetend="55" sl="61" fileid="1" />
                <BranchPoint vc="1" upsid="61" ordinal="2" path="0" offset="66" offsetend="68" sl="61" fileid="1" />
                <BranchPoint vc="5" upsid="61" ordinal="3" path="1" offset="66" offsetend="91" sl="61" fileid="1" />
              </BranchPoints>
              <MethodPoint vc="18" upsid="0" p8:type="SequencePoint" ordinal="3" offset="3" sc="0" sl="60" ec="1" el="78" bec="0" bev="0" fileid="1" xmlns:p8="xsi" />
            </Method>
            <Method cyclomaticComplexity="4" nPathComplexity="0" sequenceCoverage="1" branchCoverage="1" isConstructor="False" isGetter="False" isSetter="False" isStatic="True">
              <Summary numSequencePoints="6" visitedSequencePoints="6" numBranchPoints="4" visitedBranchPoints="4" sequenceCoverage="1" branchCoverage="1" maxCyclomaticComplexity="4" minCyclomaticComplexity="4" visitedClasses="0" numClasses="0" visitedMethods="1" numMethods="1" />
              <MetadataToken />
              <Name>System.Decimal Services.BillCalculator::ApplyCouponDiscount(System.Collections.Generic.IEnumerable`1&lt;CashRegister.Discounts.Coupon&gt;,System.Decimal)</Name>
              <FileRef uid="1" />
              <SequencePoints>
                <SequencePoint vc="3" upsid="81" ordinal="0" sl="81" sc="1" el="81" ec="2" bec="0" bev="0" fileid="1" />
                <SequencePoint vc="3" upsid="83" ordinal="1" sl="83" sc="1" el="83" ec="2" bec="0" bev="0" fileid="1" />
                <SequencePoint vc="3" upsid="85" ordinal="2" sl="85" sc="1" el="85" ec="2" bec="0" bev="0" fileid="1" />
                <SequencePoint vc="3" upsid="86" ordinal="3" sl="86" sc="1" el="86" ec="2" bec="0" bev="0" fileid="1" />
                <SequencePoint vc="3" upsid="87" ordinal="4" sl="87" sc="1" el="87" ec="2" bec="0" bev="0" fileid="1" />
                <SequencePoint vc="3" upsid="88" ordinal="5" sl="88" sc="1" el="88" ec="2" bec="0" bev="0" fileid="1" />
              </SequencePoints>
              <BranchPoints>
                <BranchPoint vc="3" upsid="85" ordinal="0" path="0" offset="9" offsetend="11" sl="85" fileid="1" />
                <BranchPoint vc="2" upsid="85" ordinal="1" path="1" offset="9" offsetend="25" sl="85" fileid="1" />
                <BranchPoint vc="2" upsid="85" ordinal="2" path="0" offset="23" offsetend="25" sl="85" fileid="1" />
                <BranchPoint vc="1" upsid="85" ordinal="3" path="1" offset="23" offsetend="28" sl="85" fileid="1" />
              </BranchPoints>
              <MethodPoint vc="6" upsid="0" p8:type="SequencePoint" ordinal="4" offset="4" sc="0" sl="81" ec="1" el="88" bec="0" bev="0" fileid="1" xmlns:p8="xsi" />
            </Method>
            <Method cyclomaticComplexity="1" nPathComplexity="0" sequenceCoverage="1" branchCoverage="1" isConstructor="True" isGetter="False" isSetter="False" isStatic="True">
              <Summary numSequencePoints="4" visitedSequencePoints="4" numBranchPoints="0" visitedBranchPoints="0" sequenceCoverage="1" branchCoverage="1" maxCyclomaticComplexity="1" minCyclomaticComplexity="1" visitedClasses="0" numClasses="0" visitedMethods="1" numMethods="1" />
              <MetadataToken />
              <Name>System.Void Services.BillCalculator::.ctor(CashRegister.Services.ICatalogService)</Name>
              <FileRef uid="1" />
              <SequencePoints>
                <SequencePoint vc="5" upsid="14" ordinal="0" sl="14" sc="1" el="14" ec="2" bec="0" bev="0" fileid="1" />
                <SequencePoint vc="5" upsid="15" ordinal="1" sl="15" sc="1" el="15" ec="2" bec="0" bev="0" fileid="1" />
                <SequencePoint vc="5" upsid="16" ordinal="2" sl="16" sc="1" el="16" ec="2" bec="0" bev="0" fileid="1" />
                <SequencePoint vc="5" upsid="17" ordinal="3" sl="17" sc="1" el="17" ec="2" bec="0" bev="0" fileid="1" />
              </SequencePoints>
              <BranchPoints />
              <MethodPoint vc="4" upsid="0" p8:type="SequencePoint" ordinal="5" offset="5" sc="0" sl="14" ec="1" el="17" bec="0" bev="0" fileid="1" xmlns:p8="xsi" />
            </Method>
          </Methods>
        </Class>
        <Class>
          <Summary numSequencePoints="0" visitedSequencePoints="0" numBranchPoints="2" visitedBranchPoints="2" sequenceCoverage="1" branchCoverage="1" maxCyclomaticComplexity="2" minCyclomaticComplexity="2" visitedClasses="0" numClasses="1" visitedMethods="0" numMethods="0" />
          <FullName>Services.BillCalculator/&lt;&gt;c</FullName>
          <Methods />
        </Class>
        <Class>
          <Summary numSequencePoints="20" visitedSequencePoints="20" numBranchPoints="6" visitedBranchPoints="6" sequenceCoverage="1" branchCoverage="1" maxCyclomaticComplexity="2" minCyclomaticComplexity="1" visitedClasses="1" numClasses="1" visitedMethods="5" numMethods="5" />
          <FullName>CashRegister.Services.CatalogService</FullName>
          <Methods>
            <Method cyclomaticComplexity="2" nPathComplexity="0" sequenceCoverage="1" branchCoverage="1" isConstructor="False" isGetter="False" isSetter="False" isStatic="True">
              <Summary numSequencePoints="5" visitedSequencePoints="5" numBranchPoints="2" visitedBranchPoints="2" sequenceCoverage="1" branchCoverage="1" maxCyclomaticComplexity="2" minCyclomaticComplexity="2" visitedClasses="0" numClasses="0" visitedMethods="1" numMethods="1" />
              <MetadataToken />
              <Name>System.Void CashRegister.Services.CatalogService::RegisterItemPrice(CashRegister.Model.Catalog.Item,System.Decimal)</Name>
              <FileRef uid="2" />
              <SequencePoints>
                <SequencePoint vc="5" upsid="22" ordinal="0" sl="22" sc="1" el="22" ec="2" bec="0" bev="0" fileid="2" />
                <SequencePoint vc="5" upsid="23" ordinal="1" sl="23" sc="1" el="23" ec="2" bec="0" bev="0" fileid="2" />
                <SequencePoint vc="1" upsid="24" ordinal="2" sl="24" sc="1" el="24" ec="2" bec="0" bev="0" fileid="2" />
                <SequencePoint vc="4" upsid="26" ordinal="3" sl="26" sc="1" el="26" ec="2" bec="0" bev="0" fileid="2" />
                <SequencePoint vc="4" upsid="27" ordinal="4" sl="27" sc="1" el="27" ec="2" bec="0" bev="0" fileid="2" />
              </SequencePoints>
              <BranchPoints>
                <BranchPoint vc="1" upsid="23" ordinal="0" path="0" offset="7" offsetend="9" sl="23" fileid="2" />
                <BranchPoint vc="4" upsid="23" ordinal="1" path="1" offset="7" offsetend="20" sl="23" fileid="2" />
              </BranchPoints>
              <MethodPoint vc="5" upsid="0" p8:type="SequencePoint" ordinal="0" offset="0" sc="0" sl="22" ec="1" el="27" bec="0" bev="0" fileid="2" xmlns:p8="xsi" />
            </Method>
            <Method cyclomaticComplexity="2" nPathComplexity="0" sequenceCoverage="1" branchCoverage="1" isConstructor="False" isGetter="False" isSetter="False" isStatic="True">
              <Summary numSequencePoints="5" visitedSequencePoints="5" numBranchPoints="2" visitedBranchPoints="2" sequenceCoverage="1" branchCoverage="1" maxCyclomaticComplexity="2" minCyclomaticComplexity="2" visitedClasses="0" numClasses="0" visitedMethods="1" numMethods="1" />
              <MetadataToken />
              <Name>System.Decimal CashRegister.Services.CatalogService::GetItemPrice(System.String)</Name>
              <FileRef uid="2" />
              <SequencePoints>
                <SequencePoint vc="6" upsid="35" ordinal="0" sl="35" sc="1" el="35" ec="2" bec="0" bev="0" fileid="2" />
                <SequencePoint vc="6" upsid="36" ordinal="1" sl="36" sc="1" el="36" ec="2" bec="0" bev="0" fileid="2" />
                <SequencePoint vc="5" upsid="37" ordinal="2" sl="37" sc="1" el="37" ec="2" bec="0" bev="0" fileid="2" />
                <SequencePoint vc="1" upsid="39" ordinal="3" sl="39" sc="1" el="39" ec="2" bec="0" bev="0" fileid="2" />
                <SequencePoint vc="5" upsid="40" ordinal="4" sl="40" sc="1" el="40" ec="2" bec="0" bev="0" fileid="2" />
              </SequencePoints>
              <BranchPoints>
                <BranchPoint vc="5" upsid="36" ordinal="0" path="0" offset="15" offsetend="17" sl="36" fileid="2" />
                <BranchPoint vc="1" upsid="36" ordinal="1" path="1" offset="15" offsetend="37" sl="36" fileid="2" />
              </BranchPoints>
              <MethodPoint vc="5" upsid="0" p8:type="SequencePoint" ordinal="1" offset="1" sc="0" sl="35" ec="1" el="40" bec="0" bev="0" fileid="2" xmlns:p8="xsi" />
            </Method>
            <Method cyclomaticComplexity="1" nPathComplexity="0" sequenceCoverage="1" branchCoverage="1" isConstructor="False" isGetter="False" isSetter="False" isStatic="True">
              <Summary numSequencePoints="3" visitedSequencePoints="3" numBranchPoints="0" visitedBranchPoints="0" sequenceCoverage="1" branchCoverage="1" maxCyclomaticComplexity="1" minCyclomaticComplexity="1" visitedClasses="0" numClasses="0" visitedMethods="1" numMethods="1" />
              <MetadataToken />
              <Name>System.Void CashRegister.Services.CatalogService::RegisterBulkDiscount(CashRegister.Discounts.BulkDiscount)</Name>
              <FileRef uid="2" />
              <SequencePoints>
                <SequencePoint vc="3" upsid="47" ordinal="0" sl="47" sc="1" el="47" ec="2" bec="0" bev="0" fileid="2" />
                <SequencePoint vc="3" upsid="48" ordinal="1" sl="48" sc="1" el="48" ec="2" bec="0" bev="0" fileid="2" />
                <SequencePoint vc="3" upsid="49" ordinal="2" sl="49" sc="1" el="49" ec="2" bec="0" bev="0" fileid="2" />
              </SequencePoints>
              <BranchPoints />
              <MethodPoint vc="3" upsid="0" p8:type="SequencePoint" ordinal="2" offset="2" sc="0" sl="47" ec="1" el="49" bec="0" bev="0" fileid="2" xmlns:p8="xsi" />
            </Method>
            <Method cyclomaticComplexity="2" nPathComplexity="0" sequenceCoverage="1" branchCoverage="1" isConstructor="False" isGetter="False" isSetter="False" isStatic="True">
              <Summary numSequencePoints="5" visitedSequencePoints="5" numBranchPoints="2" visitedBranchPoints="2" sequenceCoverage="1" branchCoverage="1" maxCyclomaticComplexity="2" minCyclomaticComplexity="2" visitedClasses="0" numClasses="0" visitedMethods="1" numMethods="1" />
              <MetadataToken />
              <Name>CashRegister.Discounts.BulkDiscount CashRegister.Services.CatalogService::GetBulkDiscount(System.String)</Name>
              <FileRef uid="2" />
              <SequencePoints>
                <SequencePoint vc="4" upsid="56" ordinal="0" sl="56" sc="1" el="56" ec="2" bec="0" bev="0" fileid="2" />
                <SequencePoint vc="4" upsid="57" ordinal="1" sl="57" sc="1" el="57" ec="2" bec="0" bev="0" fileid="2" />
                <SequencePoint vc="2" upsid="58" ordinal="2" sl="58" sc="1" el="58" ec="2" bec="0" bev="0" fileid="2" />
                <SequencePoint vc="2" upsid="60" ordinal="3" sl="60" sc="1" el="60" ec="2" bec="0" bev="0" fileid="2" />
                <SequencePoint vc="4" upsid="61" ordinal="4" sl="61" sc="1" el="61" ec="2" bec="0" bev="0" fileid="2" />
              </SequencePoints>
              <BranchPoints>
                <BranchPoint vc="2" upsid="57" ordinal="0" path="0" offset="15" offsetend="17" sl="57" fileid="2" />
                <BranchPoint vc="2" upsid="57" ordinal="1" path="1" offset="15" offsetend="32" sl="57" fileid="2" />
              </BranchPoints>
              <MethodPoint vc="5" upsid="0" p8:type="SequencePoint" ordinal="3" offset="3" sc="0" sl="56" ec="1" el="61" bec="0" bev="0" fileid="2" xmlns:p8="xsi" />
            </Method>
            <Method cyclomaticComplexity="1" nPathComplexity="0" sequenceCoverage="1" branchCoverage="1" isConstructor="True" isGetter="False" isSetter="False" isStatic="True">
              <Summary numSequencePoints="2" visitedSequencePoints="2" numBranchPoints="0" visitedBranchPoints="0" sequenceCoverage="1" branchCoverage="1" maxCyclomaticComplexity="1" minCyclomaticComplexity="1" visitedClasses="0" numClasses="0" visitedMethods="1" numMethods="1" />
              <MetadataToken />
              <Name>System.Void CashRegister.Services.CatalogService::.ctor()</Name>
              <FileRef uid="2" />
              <SequencePoints>
                <SequencePoint vc="6" upsid="13" ordinal="0" sl="13" sc="1" el="13" ec="2" bec="0" bev="0" fileid="2" />
                <SequencePoint vc="6" upsid="14" ordinal="1" sl="14" sc="1" el="14" ec="2" bec="0" bev="0" fileid="2" />
              </SequencePoints>
              <BranchPoints />
              <MethodPoint vc="2" upsid="0" p8:type="SequencePoint" ordinal="4" offset="4" sc="0" sl="13" ec="1" el="14" bec="0" bev="0" fileid="2" xmlns:p8="xsi" />
            </Method>
          </Methods>
        </Class>
        <Class>
          <Summary numSequencePoints="9" visitedSequencePoints="9" numBranchPoints="0" visitedBranchPoints="0" sequenceCoverage="1" branchCoverage="1" maxCyclomaticComplexity="1" minCyclomaticComplexity="1" visitedClasses="1" numClasses="1" visitedMethods="4" numMethods="4" />
          <FullName>CashRegister.Discounts.BulkDiscount</FullName>
          <Methods>
            <Method cyclomaticComplexity="1" nPathComplexity="0" sequenceCoverage="1" branchCoverage="1" isConstructor="False" isGetter="True" isSetter="False" isStatic="True">
              <Summary numSequencePoints="1" visitedSequencePoints="1" numBranchPoints="0" visitedBranchPoints="0" sequenceCoverage="1" branchCoverage="1" maxCyclomaticComplexity="1" minCyclomaticComplexity="1" visitedClasses="0" numClasses="0" visitedMethods="1" numMethods="1" />
              <MetadataToken />
              <Name>System.String CashRegister.Discounts.BulkDiscount::get_ItemName()</Name>
              <FileRef uid="3" />
              <SequencePoints>
                <SequencePoint vc="4" upsid="13" ordinal="0" sl="13" sc="1" el="13" ec="2" bec="0" bev="0" fileid="3" />
              </SequencePoints>
              <BranchPoints />
              <MethodPoint vc="1" upsid="0" p8:type="SequencePoint" ordinal="0" offset="0" sc="0" sl="13" ec="1" el="13" bec="0" bev="0" fileid="3" xmlns:p8="xsi" />
            </Method>
            <Method cyclomaticComplexity="1" nPathComplexity="0" sequenceCoverage="1" branchCoverage="1" isConstructor="False" isGetter="True" isSetter="False" isStatic="True">
              <Summary numSequencePoints="1" visitedSequencePoints="1" numBranchPoints="0" visitedBranchPoints="0" sequenceCoverage="1" branchCoverage="1" maxCyclomaticComplexity="1" minCyclomaticComplexity="1" visitedClasses="0" numClasses="0" visitedMethods="1" numMethods="1" />
              <MetadataToken />
              <Name>System.Int32 CashRegister.Discounts.BulkDiscount::get_BulkItemsCount()</Name>
              <FileRef uid="3" />
              <SequencePoints>
                <SequencePoint vc="5" upsid="18" ordinal="0" sl="18" sc="1" el="18" ec="2" bec="0" bev="0" fileid="3" />
              </SequencePoints>
              <BranchPoints />
              <MethodPoint vc="1" upsid="0" p8:type="SequencePoint" ordinal="1" offset="1" sc="0" sl="18" ec="1" el="18" bec="0" bev="0" fileid="3" xmlns:p8="xsi" />
            </Method>
            <Method cyclomaticComplexity="1" nPathComplexity="0" sequenceCoverage="1" branchCoverage="1" isConstructor="False" isGetter="True" isSetter="False" isStatic="True">
              <Summary numSequencePoints="1" visitedSequencePoints="1" numBranchPoints="0" visitedBranchPoints="0" sequenceCoverage="1" branchCoverage="1" maxCyclomaticComplexity="1" minCyclomaticComplexity="1" visitedClasses="0" numClasses="0" visitedMethods="1" numMethods="1" />
              <MetadataToken />
              <Name>System.Int32 CashRegister.Discounts.BulkDiscount::get_BonusItemsCount()</Name>
              <FileRef uid="3" />
              <SequencePoints>
                <SequencePoint vc="3" upsid="23" ordinal="0" sl="23" sc="1" el="23" ec="2" bec="0" bev="0" fileid="3" />
              </SequencePoints>
              <BranchPoints />
              <MethodPoint vc="1" upsid="0" p8:type="SequencePoint" ordinal="2" offset="2" sc="0" sl="23" ec="1" el="23" bec="0" bev="0" fileid="3" xmlns:p8="xsi" />
            </Method>
            <Method cyclomaticComplexity="1" nPathComplexity="0" sequenceCoverage="1" branchCoverage="1" isConstructor="True" isGetter="False" isSetter="False" isStatic="True">
              <Summary numSequencePoints="6" visitedSequencePoints="6" numBranchPoints="0" visitedBranchPoints="0" sequenceCoverage="1" branchCoverage="1" maxCyclomaticComplexity="1" minCyclomaticComplexity="1" visitedClasses="0" numClasses="0" visitedMethods="1" numMethods="1" />
              <MetadataToken />
              <Name>System.Void CashRegister.Discounts.BulkDiscount::.ctor(System.String,System.Int32,System.Int32)</Name>
              <FileRef uid="3" />
              <SequencePoints>
                <SequencePoint vc="4" upsid="25" ordinal="0" sl="25" sc="1" el="25" ec="2" bec="0" bev="0" fileid="3" />
                <SequencePoint vc="4" upsid="26" ordinal="1" sl="26" sc="1" el="26" ec="2" bec="0" bev="0" fileid="3" />
                <SequencePoint vc="4" upsid="27" ordinal="2" sl="27" sc="1" el="27" ec="2" bec="0" bev="0" fileid="3" />
                <SequencePoint vc="4" upsid="28" ordinal="3" sl="28" sc="1" el="28" ec="2" bec="0" bev="0" fileid="3" />
                <SequencePoint vc="4" upsid="29" ordinal="4" sl="29" sc="1" el="29" ec="2" bec="0" bev="0" fileid="3" />
                <SequencePoint vc="4" upsid="30" ordinal="5" sl="30" sc="1" el="30" ec="2" bec="0" bev="0" fileid="3" />
              </SequencePoints>
              <BranchPoints />
              <MethodPoint vc="6" upsid="0" p8:type="SequencePoint" ordinal="3" offset="3" sc="0" sl="25" ec="1" el="30" bec="0" bev="0" fileid="3" xmlns:p8="xsi" />
            </Method>
          </Methods>
        </Class>
        <Class>
          <Summary numSequencePoints="7" visitedSequencePoints="7" numBranchPoints="0" visitedBranchPoints="0" sequenceCoverage="1" branchCoverage="1" maxCyclomaticComplexity="1" minCyclomaticComplexity="1" visitedClasses="1" numClasses="1" visitedMethods="3" numMethods="3" />
          <FullName>CashRegister.Discounts.Coupon</FullName>
          <Methods>
            <Method cyclomaticComplexity="1" nPathComplexity="0" sequenceCoverage="1" branchCoverage="1" isConstructor="False" isGetter="True" isSetter="False" isStatic="True">
              <Summary numSequencePoints="1" visitedSequencePoints="1" numBranchPoints="0" visitedBranchPoints="0" sequenceCoverage="1" branchCoverage="1" maxCyclomaticComplexity="1" minCyclomaticComplexity="1" visitedClasses="0" numClasses="0" visitedMethods="1" numMethods="1" />
              <MetadataToken />
              <Name>System.Decimal CashRegister.Discounts.Coupon::get_Threshold()</Name>
              <FileRef uid="4" />
              <SequencePoints>
                <SequencePoint vc="3" upsid="11" ordinal="0" sl="11" sc="1" el="11" ec="2" bec="0" bev="0" fileid="4" />
              </SequencePoints>
              <BranchPoints />
              <MethodPoint vc="1" upsid="0" p8:type="SequencePoint" ordinal="0" offset="0" sc="0" sl="11" ec="1" el="11" bec="0" bev="0" fileid="4" xmlns:p8="xsi" />
            </Method>
            <Method cyclomaticComplexity="1" nPathComplexity="0" sequenceCoverage="1" branchCoverage="1" isConstructor="False" isGetter="True" isSetter="False" isStatic="True">
              <Summary numSequencePoints="1" visitedSequencePoints="1" numBranchPoints="0" visitedBranchPoints="0" sequenceCoverage="1" branchCoverage="1" maxCyclomaticComplexity="1" minCyclomaticComplexity="1" visitedClasses="0" numClasses="0" visitedMethods="1" numMethods="1" />
              <MetadataToken />
              <Name>System.Decimal CashRegister.Discounts.Coupon::get_MoneyOff()</Name>
              <FileRef uid="4" />
              <SequencePoints>
                <SequencePoint vc="1" upsid="16" ordinal="0" sl="16" sc="1" el="16" ec="2" bec="0" bev="0" fileid="4" />
              </SequencePoints>
              <BranchPoints />
              <MethodPoint vc="1" upsid="0" p8:type="SequencePoint" ordinal="1" offset="1" sc="0" sl="16" ec="1" el="16" bec="0" bev="0" fileid="4" xmlns:p8="xsi" />
            </Method>
            <Method cyclomaticComplexity="1" nPathComplexity="0" sequenceCoverage="1" branchCoverage="1" isConstructor="True" isGetter="False" isSetter="False" isStatic="True">
              <Summary numSequencePoints="5" visitedSequencePoints="5" numBranchPoints="0" visitedBranchPoints="0" sequenceCoverage="1" branchCoverage="1" maxCyclomaticComplexity="1" minCyclomaticComplexity="1" visitedClasses="0" numClasses="0" visitedMethods="1" numMethods="1" />
              <MetadataToken />
              <Name>System.Void CashRegister.Discounts.Coupon::.ctor(System.Decimal,System.Decimal)</Name>
              <FileRef uid="4" />
              <SequencePoints>
                <SequencePoint vc="3" upsid="18" ordinal="0" sl="18" sc="1" el="18" ec="2" bec="0" bev="0" fileid="4" />
                <SequencePoint vc="3" upsid="19" ordinal="1" sl="19" sc="1" el="19" ec="2" bec="0" bev="0" fileid="4" />
                <SequencePoint vc="3" upsid="22" ordinal="2" sl="22" sc="1" el="22" ec="2" bec="0" bev="0" fileid="4" />
                <SequencePoint vc="3" upsid="23" ordinal="3" sl="23" sc="1" el="23" ec="2" bec="0" bev="0" fileid="4" />
                <SequencePoint vc="3" upsid="24" ordinal="4" sl="24" sc="1" el="24" ec="2" bec="0" bev="0" fileid="4" />
              </SequencePoints>
              <BranchPoints />
              <MethodPoint vc="5" upsid="0" p8:type="SequencePoint" ordinal="2" offset="2" sc="0" sl="18" ec="1" el="24" bec="0" bev="0" fileid="4" xmlns:p8="xsi" />
            </Method>
          </Methods>
        </Class>
        <Class>
          <Summary numSequencePoints="5" visitedSequencePoints="5" numBranchPoints="0" visitedBranchPoints="0" sequenceCoverage="1" branchCoverage="1" maxCyclomaticComplexity="1" minCyclomaticComplexity="1" visitedClasses="1" numClasses="1" visitedMethods="2" numMethods="2" />
          <FullName>CashRegister.Model.Catalog.Item</FullName>
          <Methods>
            <Method cyclomaticComplexity="1" nPathComplexity="0" sequenceCoverage="1" branchCoverage="1" isConstructor="False" isGetter="True" isSetter="False" isStatic="True">
              <Summary numSequencePoints="1" visitedSequencePoints="1" numBranchPoints="0" visitedBranchPoints="0" sequenceCoverage="1" branchCoverage="1" maxCyclomaticComplexity="1" minCyclomaticComplexity="1" visitedClasses="0" numClasses="0" visitedMethods="1" numMethods="1" />
              <MetadataToken />
              <Name>System.String CashRegister.Model.Catalog.Item::get_Name()</Name>
              <FileRef uid="5" />
              <SequencePoints>
                <SequencePoint vc="24" upsid="11" ordinal="0" sl="11" sc="1" el="11" ec="2" bec="0" bev="0" fileid="5" />
              </SequencePoints>
              <BranchPoints />
              <MethodPoint vc="1" upsid="0" p8:type="SequencePoint" ordinal="0" offset="0" sc="0" sl="11" ec="1" el="11" bec="0" bev="0" fileid="5" xmlns:p8="xsi" />
            </Method>
            <Method cyclomaticComplexity="1" nPathComplexity="0" sequenceCoverage="1" branchCoverage="1" isConstructor="True" isGetter="False" isSetter="False" isStatic="True">
              <Summary numSequencePoints="4" visitedSequencePoints="4" numBranchPoints="0" visitedBranchPoints="0" sequenceCoverage="1" branchCoverage="1" maxCyclomaticComplexity="1" minCyclomaticComplexity="1" visitedClasses="0" numClasses="0" visitedMethods="1" numMethods="1" />
              <MetadataToken />
              <Name>System.Void CashRegister.Model.Catalog.Item::.ctor(System.String)</Name>
              <FileRef uid="5" />
              <SequencePoints>
                <SequencePoint vc="13" upsid="13" ordinal="0" sl="13" sc="1" el="13" ec="2" bec="0" bev="0" fileid="5" />
                <SequencePoint vc="13" upsid="14" ordinal="1" sl="14" sc="1" el="14" ec="2" bec="0" bev="0" fileid="5" />
                <SequencePoint vc="13" upsid="15" ordinal="2" sl="15" sc="1" el="15" ec="2" bec="0" bev="0" fileid="5" />
                <SequencePoint vc="13" upsid="16" ordinal="3" sl="16" sc="1" el="16" ec="2" bec="0" bev="0" fileid="5" />
              </SequencePoints>
              <BranchPoints />
              <MethodPoint vc="4" upsid="0" p8:type="SequencePoint" ordinal="1" offset="1" sc="0" sl="13" ec="1" el="16" bec="0" bev="0" fileid="5" xmlns:p8="xsi" />
            </Method>
          </Methods>
        </Class>
        <Class>
          <Summary numSequencePoints="2" visitedSequencePoints="2" numBranchPoints="0" visitedBranchPoints="0" sequenceCoverage="1" branchCoverage="1" maxCyclomaticComplexity="1" minCyclomaticComplexity="1" visitedClasses="1" numClasses="1" visitedMethods="2" numMethods="2" />
          <FullName>CashRegister.Model.Catalog.PricePerItem</FullName>
          <Methods>
            <Method cyclomaticComplexity="1" nPathComplexity="0" sequenceCoverage="1" branchCoverage="1" isConstructor="False" isGetter="True" isSetter="False" isStatic="True">
              <Summary numSequencePoints="1" visitedSequencePoints="1" numBranchPoints="0" visitedBranchPoints="0" sequenceCoverage="1" branchCoverage="1" maxCyclomaticComplexity="1" minCyclomaticComplexity="1" visitedClasses="0" numClasses="0" visitedMethods="1" numMethods="1" />
              <MetadataToken />
              <Name>CashRegister.Model.Catalog.Item CashRegister.Model.Catalog.PricePerItem::get_Item()</Name>
              <FileRef uid="6" />
              <SequencePoints>
                <SequencePoint vc="4" upsid="11" ordinal="0" sl="11" sc="1" el="11" ec="2" bec="0" bev="0" fileid="6" />
              </SequencePoints>
              <BranchPoints />
              <MethodPoint vc="1" upsid="0" p8:type="SequencePoint" ordinal="0" offset="0" sc="0" sl="11" ec="1" el="11" bec="0" bev="0" fileid="6" xmlns:p8="xsi" />
            </Method>
            <Method cyclomaticComplexity="1" nPathComplexity="0" sequenceCoverage="1" branchCoverage="1" isConstructor="False" isGetter="True" isSetter="False" isStatic="True">
              <Summary numSequencePoints="1" visitedSequencePoints="1" numBranchPoints="0" visitedBranchPoints="0" sequenceCoverage="1" branchCoverage="1" maxCyclomaticComplexity="1" minCyclomaticComplexity="1" visitedClasses="0" numClasses="0" visitedMethods="1" numMethods="1" />
              <MetadataToken />
              <Name>System.Decimal CashRegister.Model.Catalog.PricePerItem::get_Price()</Name>
              <FileRef uid="6" />
              <SequencePoints>
                <SequencePoint vc="9" upsid="16" ordinal="0" sl="16" sc="1" el="16" ec="2" bec="0" bev="0" fileid="6" />
              </SequencePoints>
              <BranchPoints />
              <MethodPoint vc="1" upsid="0" p8:type="SequencePoint" ordinal="1" offset="1" sc="0" sl="16" ec="1" el="16" bec="0" bev="0" fileid="6" xmlns:p8="xsi" />
            </Method>
          </Methods>
        </Class>
        <Class>
          <Summary numSequencePoints="8" visitedSequencePoints="8" numBranchPoints="4" visitedBranchPoints="4" sequenceCoverage="1" branchCoverage="1" maxCyclomaticComplexity="4" minCyclomaticComplexity="1" visitedClasses="1" numClasses="1" visitedMethods="2" numMethods="2" />
          <FullName>CashRegister.Model.Bill.Bill</FullName>
          <Methods>
            <Method cyclomaticComplexity="1" nPathComplexity="0" sequenceCoverage="1" branchCoverage="1" isConstructor="False" isGetter="True" isSetter="False" isStatic="True">
              <Summary numSequencePoints="1" visitedSequencePoints="1" numBranchPoints="0" visitedBranchPoints="0" sequenceCoverage="1" branchCoverage="1" maxCyclomaticComplexity="1" minCyclomaticComplexity="1" visitedClasses="0" numClasses="0" visitedMethods="1" numMethods="1" />
              <MetadataToken />
              <Name>System.Collections.Generic.IList`1&lt;CashRegister.Model.Bill.LineItem&gt; CashRegister.Model.Bill.Bill::get_LineItems()</Name>
              <FileRef uid="7" />
              <SequencePoints>
                <SequencePoint vc="13" upsid="17" ordinal="0" sl="17" sc="1" el="17" ec="2" bec="0" bev="0" fileid="7" />
              </SequencePoints>
              <BranchPoints />
              <MethodPoint vc="1" upsid="0" p8:type="SequencePoint" ordinal="0" offset="0" sc="0" sl="17" ec="1" el="17" bec="0" bev="0" fileid="7" xmlns:p8="xsi" />
            </Method>
            <Method cyclomaticComplexity="4" nPathComplexity="0" sequenceCoverage="1" branchCoverage="1" isConstructor="True" isGetter="False" isSetter="False" isStatic="True">
              <Summary numSequencePoints="7" visitedSequencePoints="7" numBranchPoints="4" visitedBranchPoints="4" sequenceCoverage="1" branchCoverage="1" maxCyclomaticComplexity="4" minCyclomaticComplexity="4" visitedClasses="0" numClasses="0" visitedMethods="1" numMethods="1" />
              <MetadataToken />
              <Name>System.Void CashRegister.Model.Bill.Bill::.ctor(System.Collections.Generic.IList`1&lt;CashRegister.Model.Bill.LineItem&gt;)</Name>
              <FileRef uid="7" />
              <SequencePoints>
                <SequencePoint vc="8" upsid="19" ordinal="0" sl="19" sc="1" el="19" ec="2" bec="0" bev="0" fileid="7" />
                <SequencePoint vc="8" upsid="20" ordinal="1" sl="20" sc="1" el="20" ec="2" bec="0" bev="0" fileid="7" />
                <SequencePoint vc="8" upsid="21" ordinal="2" sl="21" sc="1" el="21" ec="2" bec="0" bev="0" fileid="7" />
                <SequencePoint vc="2" upsid="22" ordinal="3" sl="22" sc="1" el="22" ec="2" bec="0" bev="0" fileid="7" />
                <SequencePoint vc="2" upsid="23" ordinal="4" sl="23" sc="1" el="23" ec="2" bec="0" bev="0" fileid="7" />
                <SequencePoint vc="6" upsid="26" ordinal="5" sl="26" sc="1" el="26" ec="2" bec="0" bev="0" fileid="7" />
                <SequencePoint vc="6" upsid="27" ordinal="6" sl="27" sc="1" el="27" ec="2" bec="0" bev="0" fileid="7" />
              </SequencePoints>
              <BranchPoints>
                <BranchPoint vc="7" upsid="21" ordinal="0" path="0" offset="9" offsetend="11" sl="21" fileid="7" />
                <BranchPoint vc="1" upsid="21" ordinal="1" path="1" offset="9" offsetend="22" sl="21" fileid="7" />
                <BranchPoint vc="2" upsid="21" ordinal="2" path="0" offset="25" offsetend="27" sl="21" fileid="7" />
                <BranchPoint vc="6" upsid="21" ordinal="3" path="1" offset="25" offsetend="44" sl="21" fileid="7" />
              </BranchPoints>
              <MethodPoint vc="7" upsid="0" p8:type="SequencePoint" ordinal="1" offset="1" sc="0" sl="19" ec="1" el="27" bec="0" bev="0" fileid="7" xmlns:p8="xsi" />
            </Method>
          </Methods>
        </Class>
        <Class>
          <Summary numSequencePoints="9" visitedSequencePoints="9" numBranchPoints="4" visitedBranchPoints="4" sequenceCoverage="1" branchCoverage="1" maxCyclomaticComplexity="4" minCyclomaticComplexity="1" visitedClasses="1" numClasses="1" visitedMethods="3" numMethods="3" />
          <FullName>CashRegister.Model.Bill.LineItem</FullName>
          <Methods>
            <Method cyclomaticComplexity="1" nPathComplexity="0" sequenceCoverage="1" branchCoverage="1" isConstructor="False" isGetter="True" isSetter="False" isStatic="True">
              <Summary numSequencePoints="1" visitedSequencePoints="1" numBranchPoints="0" visitedBranchPoints="0" sequenceCoverage="1" branchCoverage="1" maxCyclomaticComplexity="1" minCyclomaticComplexity="1" visitedClasses="0" numClasses="0" visitedMethods="1" numMethods="1" />
              <MetadataToken />
              <Name>CashRegister.Model.Catalog.Item CashRegister.Model.Bill.LineItem::get_Item()</Name>
              <FileRef uid="8" />
              <SequencePoints>
                <SequencePoint vc="28" upsid="14" ordinal="0" sl="14" sc="1" el="14" ec="2" bec="0" bev="0" fileid="8" />
              </SequencePoints>
              <BranchPoints />
              <MethodPoint vc="1" upsid="0" p8:type="SequencePoint" ordinal="0" offset="0" sc="0" sl="14" ec="1" el="14" bec="0" bev="0" fileid="8" xmlns:p8="xsi" />
            </Method>
            <Method cyclomaticComplexity="1" nPathComplexity="0" sequenceCoverage="1" branchCoverage="1" isConstructor="False" isGetter="True" isSetter="False" isStatic="True">
              <Summary numSequencePoints="1" visitedSequencePoints="1" numBranchPoints="0" visitedBranchPoints="0" sequenceCoverage="1" branchCoverage="1" maxCyclomaticComplexity="1" minCyclomaticComplexity="1" visitedClasses="0" numClasses="0" visitedMethods="1" numMethods="1" />
              <MetadataToken />
              <Name>System.Decimal CashRegister.Model.Bill.LineItem::get_Quantity()</Name>
              <FileRef uid="8" />
              <SequencePoints>
                <SequencePoint vc="23" upsid="19" ordinal="0" sl="19" sc="1" el="19" ec="2" bec="0" bev="0" fileid="8" />
              </SequencePoints>
              <BranchPoints />
              <MethodPoint vc="1" upsid="0" p8:type="SequencePoint" ordinal="1" offset="1" sc="0" sl="19" ec="1" el="19" bec="0" bev="0" fileid="8" xmlns:p8="xsi" />
            </Method>
            <Method cyclomaticComplexity="4" nPathComplexity="0" sequenceCoverage="1" branchCoverage="1" isConstructor="True" isGetter="False" isSetter="False" isStatic="True">
              <Summary numSequencePoints="7" visitedSequencePoints="7" numBranchPoints="4" visitedBranchPoints="4" sequenceCoverage="1" branchCoverage="1" maxCyclomaticComplexity="4" minCyclomaticComplexity="4" visitedClasses="0" numClasses="0" visitedMethods="1" numMethods="1" />
              <MetadataToken />
              <Name>System.Void CashRegister.Model.Bill.LineItem::.ctor(CashRegister.Model.Catalog.Item,System.Decimal)</Name>
              <FileRef uid="8" />
              <SequencePoints>
                <SequencePoint vc="10" upsid="21" ordinal="0" sl="21" sc="1" el="21" ec="2" bec="0" bev="0" fileid="8" />
                <SequencePoint vc="10" upsid="22" ordinal="1" sl="22" sc="1" el="22" ec="2" bec="0" bev="0" fileid="8" />
                <SequencePoint vc="10" upsid="23" ordinal="2" sl="23" sc="1" el="23" ec="2" bec="0" bev="0" fileid="8" />
                <SequencePoint vc="1" upsid="24" ordinal="3" sl="24" sc="1" el="24" ec="2" bec="0" bev="0" fileid="8" />
                <SequencePoint vc="9" upsid="26" ordinal="4" sl="26" sc="1" el="26" ec="2" bec="0" bev="0" fileid="8" />
                <SequencePoint vc="9" upsid="27" ordinal="5" sl="27" sc="1" el="27" ec="2" bec="0" bev="0" fileid="8" />
                <SequencePoint vc="8" upsid="28" ordinal="6" sl="28" sc="1" el="28" ec="2" bec="0" bev="0" fileid="8" />
              </SequencePoints>
              <BranchPoints>
                <BranchPoint vc="1" upsid="23" ordinal="0" path="0" offset="21" offsetend="23" sl="23" fileid="8" />
                <BranchPoint vc="9" upsid="23" ordinal="1" path="1" offset="21" offsetend="39" sl="23" fileid="8" />
                <BranchPoint vc="1" upsid="27" ordinal="2" path="0" offset="50" offsetend="52" sl="27" fileid="8" />
                <BranchPoint vc="8" upsid="27" ordinal="3" path="1" offset="50" offsetend="64" sl="27" fileid="8" />
              </BranchPoints>
              <MethodPoint vc="7" upsid="0" p8:type="SequencePoint" ordinal="2" offset="2" sc="0" sl="21" ec="1" el="28" bec="0" bev="0" fileid="8" xmlns:p8="xsi" />
            </Method>
          </Methods>
        </Class>
      </Classes>
    </Module>
  </Modules>
</CoverageSession>